14/06/2021 22:51:32 HandleData. CadOri:OLOGINGS,81dc9bdb52d04dc20036dbd8313ed055,0.9.9,63üAí$î¬(‰j2∑DΩ-Ù≥~0 Nom:UI:1
14/06/2021 22:51:41 HandleData. CadOri:OLOGINGS,81dc9bdb52d04dc20036dbd8313ed055,0.9.9,370üAí$î¬(‰j2∑DΩ-Ù≥~0 Nom:UI:1
14/06/2021 22:51:43 HandleData. CadOri:OLOGINGS,81dc9bdb52d04dc20036dbd8313ed055,0.9.9,517üAí$î¬(‰j2∑DΩ-Ù≥~0 Nom:UI:1
14/06/2021 22:51:44 HandleData. CadOri:OLOGINGS,81dc9bdb52d04dc20036dbd8313ed055,0.9.9,124üAí$î¬(‰j2∑DΩ-Ù≥~0 Nom:UI:1
14/06/2021 22:51:45 HandleData. CadOri:OLOGINGS,81dc9bdb52d04dc20036dbd8313ed055,0.9.9,370üAí$î¬(‰j2∑DΩ-Ù≥~0 Nom:UI:1
14/06/2021 22:51:45 HandleData. CadOri:OLOGINGS,81dc9bdb52d04dc20036dbd8313ed055,0.9.9,205üAí$î¬(‰j2∑DΩ-Ù≥~0 Nom:UI:1
14/06/2021 23:00:54 HandleData. CadOri:OLOGINGS,81dc9bdb52d04dc20036dbd8313ed055,0.9.9,198¨Äæy¶¯•◊≠¨hJJÅÇ~16820 Nom:UI:1
14/06/2021 23:01:58 HandleData. CadOri:OLOGINGS,81dc9bdb52d04dc20036dbd8313ed055,0.9.9,306¨Äæy¶¯•◊≠¨hJJÅÇ~34703 Nom:UI:1
14/06/2021 23:02:16 HandleData. CadOri:OLOGINGS,81dc9bdb52d04dc20036dbd8313ed055,0.9.9,370¨Äæy¶¯•◊≠¨hJJÅÇ~21076 Nom:UI:1
14/06/2021 23:06:42 HandleData. CadOri:OLOGINGS,81dc9bdb52d04dc20036dbd8313ed055,0.9.9,370~14781 Nom:UI:1
14/06/2021 23:06:51 HandleData. CadOri:OLOGINGS,81dc9bdb52d04dc20036dbd8313ed055,0.9.9,319~72565 Nom:UI:1
14/06/2021 23:15:56 HandleData. CadOri:OLOGINGS,81dc9bdb52d04dc20036dbd8313ed055,0.9.9,136¨Äæy¶¯•◊≠¨hJJÅÇ~70455 Nom:UI:1
14/06/2021 23:18:16 HandleData. CadOri:OLOGINGS,81dc9bdb52d04dc20036dbd8313ed055,0.9.9,424~9991 Nom:UI:1
14/06/2021 23:18:29 HandleData. CadOri:OLOGINGS,81dc9bdb52d04dc20036dbd8313ed055,0.9.9,63~75739 Nom:UI:1
14/06/2021 23:19:31 HandleData. CadOri:OLOGINGS,202cb962ac59075b964b07152d234b70,0.9.9,637~22122 Nom:UI:1
14/06/2021 23:19:32 HandleData. CadOri:OLOGINGS,202cb962ac59075b964b07152d234b70,0.9.9,468~618 Nom:UI:1
14/06/2021 23:19:33 HandleData. CadOri:OLOGINGS,202cb962ac59075b964b07152d234b70,0.9.9,280~35469 Nom:UI:1
14/06/2021 23:19:34 HandleData. CadOri:OLOGINGS,202cb962ac59075b964b07152d234b70,0.9.9,826~37771 Nom:UI:1
14/06/2021 23:19:34 HandleData. CadOri:OLOGINGS,202cb962ac59075b964b07152d234b70,0.9.9,175~687 Nom:UI:1
14/06/2021 23:19:35 HandleData. CadOri:OLOGINGS,202cb962ac59075b964b07152d234b70,0.9.9,205~55760 Nom:UI:1
14/06/2021 23:19:35 HandleData. CadOri:OLOGINGS,202cb962ac59075b964b07152d234b70,0.9.9,468~41218 Nom:UI:1
14/06/2021 23:19:36 HandleData. CadOri:OLOGINGS,202cb962ac59075b964b07152d234b70,0.9.9,52~26883 Nom:UI:1
14/06/2021 23:19:38 HandleData. CadOri:OLOGINGS,202cb962ac59075b964b07152d234b70,0.9.9,175~21664 Nom:UI:1
14/06/2021 23:19:41 HandleData. CadOri:OLOGINGS,202cb962ac59075b964b07152d234b70,0.9.9,115~52972 Nom:UI:1
14/06/2021 23:19:41 HandleData. CadOri:OLOGINGS,202cb962ac59075b964b07152d234b70,0.9.9,637~67768 Nom:UI:1
14/06/2021 23:19:42 HandleData. CadOri:OLOGINGS,202cb962ac59075b964b07152d234b70,0.9.9,370~46450 Nom:UI:1
14/06/2021 23:19:46 HandleData. CadOri:OLOGINGS,81dc9bdb52d04dc20036dbd8313ed055,0.9.9,424~62890 Nom:UI:1
14/06/2021 23:19:46 HandleData. CadOri:OLOGINGS,81dc9bdb52d04dc20036dbd8313ed055,0.9.9,637~56759 Nom:UI:1
14/06/2021 23:19:47 HandleData. CadOri:OLOGINGS,81dc9bdb52d04dc20036dbd8313ed055,0.9.9,319~41699 Nom:UI:1
14/06/2021 23:19:47 HandleData. CadOri:OLOGINGS,81dc9bdb52d04dc20036dbd8313ed055,0.9.9,319~69030 Nom:UI:1
14/06/2021 23:19:47 HandleData. CadOri:OLOGINGS,81dc9bdb52d04dc20036dbd8313ed055,0.9.9,175~7436 Nom:UI:1
14/06/2021 23:19:51 HandleData. CadOri:OLOGINGS,81dc9bdb52d04dc20036dbd8313ed055,0.9.9,405~68454 Nom:UI:1
14/06/2021 23:19:52 HandleData. CadOri:OLOGINGS,81dc9bdb52d04dc20036dbd8313ed055,0.9.9,280~46412 Nom:UI:1
14/06/2021 23:20:57 HandleData. CadOri:OLOGINGS,e10adc3949ba59abbe56e057f20f883e,0.9.9,405~10682 Nom:UI:1
14/06/2021 23:21:32 HandleData. CadOri:OLOGINGS,e10adc3949ba59abbe56e057f20f883e,0.9.9,115~72184 Nom:UI:1
14/06/2021 23:21:38 HandleData. CadOri:OLOGINGS,e10adc3949ba59abbe56e057f20f883e,0.9.9,550~8670 Nom:UI:1
14/06/2021 23:21:40 HandleData. CadOri:OLOGINGS,e10adc3949ba59abbe56e057f20f883e,0.9.9,684~73956 Nom:UI:1
14/06/2021 23:21:40 HandleData. CadOri:OLOGINGS,e10adc3949ba59abbe56e057f20f883e,0.9.9,319~52619 Nom:UI:1
14/06/2021 23:21:41 HandleData. CadOri:OLOGINGS,e10adc3949ba59abbe56e057f20f883e,0.9.9,370~20569 Nom:UI:1
14/06/2021 23:21:41 HandleData. CadOri:OLOGINGS,e10adc3949ba59abbe56e057f20f883e,0.9.9,280~72576 Nom:UI:1
14/06/2021 23:21:42 HandleData. CadOri:OLOGINGS,e10adc3949ba59abbe56e057f20f883e,0.9.9,63~50886 Nom:UI:1
14/06/2021 23:21:42 HandleData. CadOri:OLOGINGS,e10adc3949ba59abbe56e057f20f883e,0.9.9,306~56586 Nom:UI:1
14/06/2021 23:28:58 HandleData. CadOri:OLOGINGS,81dc9bdb52d04dc20036dbd8313ed055,0.9.9,468~71833 Nom:UI:1
14/06/2021 23:35:42 HandleData. CadOri:OLOGINGS,81dc9bdb52d04dc20036dbd8313ed055,0.9.9,014ÈƒÂ~«¡|o ¥™ááº,6,0,0,5,0,0,0~1 Nom:UI:1
18/06/2021 19:51:17 Error en DotileEvents
18/06/2021 19:51:17 Error en DotileEvents
18/06/2021 19:51:22 Error en DotileEvents
18/06/2021 19:51:23 Error en DotileEvents
18/06/2021 19:51:24 Error en DotileEvents
18/06/2021 19:51:24 Error en DotileEvents
18/06/2021 19:51:25 Error en DotileEvents
18/06/2021 19:51:25 Error en DotileEvents
18/06/2021 19:51:26 Error en DotileEvents
18/06/2021 19:51:26 Error en DotileEvents
18/06/2021 19:51:27 Error en DotileEvents
18/06/2021 19:51:27 Error en DotileEvents
18/06/2021 19:51:28 Error en DotileEvents
18/06/2021 19:51:30 Error en DotileEvents
18/06/2021 19:51:37 Error en DotileEvents
19/06/2021 3:55:49 Error en DotileEvents
19/06/2021 3:55:50 Error en DotileEvents
